e:\桌面\gravity\gravity\release\vc142.pdb
e:\桌面\gravity\gravity\release\manifestationstatic.obj
e:\桌面\gravity\gravity\release\gravitydlg.obj
e:\桌面\gravity\gravity\release\gravity.obj
e:\桌面\gravity\gravity\release\gravity.pch
e:\桌面\gravity\gravity\release\pch.obj
e:\桌面\gravity\gravity\release\manipulate.obj
e:\桌面\gravity\release\gravity.ipdb
e:\桌面\gravity\release\gravity.iobj
e:\桌面\gravity\release\gravity.exe
e:\桌面\gravity\release\gravity.pdb
e:\桌面\gravity\gravity\release\gravity.res
e:\桌面\gravity\gravity\release\gravity.tlog\cl.command.1.tlog
e:\桌面\gravity\gravity\release\gravity.tlog\cl.read.1.tlog
e:\桌面\gravity\gravity\release\gravity.tlog\cl.write.1.tlog
e:\桌面\gravity\gravity\release\gravity.tlog\gravity.write.1u.tlog
e:\桌面\gravity\gravity\release\gravity.tlog\link.command.1.tlog
e:\桌面\gravity\gravity\release\gravity.tlog\link.delete.1.tlog
e:\桌面\gravity\gravity\release\gravity.tlog\link.read.1.tlog
e:\桌面\gravity\gravity\release\gravity.tlog\link.write.1.tlog
e:\桌面\gravity\gravity\release\gravity.tlog\rc.command.1.tlog
e:\桌面\gravity\gravity\release\gravity.tlog\rc.read.1.tlog
e:\桌面\gravity\gravity\release\gravity.tlog\rc.write.1.tlog
